android/litr/build/intermediates/manifest_merge_blame_file/debug/manifest-merger-blame-debug-report.txt
1<?xml version="1.0" encoding="utf-8"?>
2<!-- Copyright 2019 LinkedIn Corporation -->
3<!-- All Rights Reserved. -->
4<!--  -->
5<!-- Licensed under the BSD 2-Clause License (the "License").  See License in the project root -->
6<!-- for license information. -->
7<manifest xmlns:android="http://schemas.android.com/apk/res/android"
8    package="com.linkedin.android.litr" >
9
10    <uses-sdk
11        android:minSdkVersion="18"
11-->src\main\AndroidManifest.xml
12        android:targetSdkVersion="30" />
12-->src\main\AndroidManifest.xml
13
14    <application />
14-->src\main\AndroidManifest.xml:8:5-19
15
16</manifest>